<?xml version="1.0" encoding="UTF-8" ?>
<testsuites errors="0"
            failures="1"
            tests="1">

  <testsuite name="upload_delete_test"
    errors="0" failures="1" hostname="" id="" package="upload_delete_test" skipped="0"
    tests="1" time="50.20" timestamp="Fri, 22 May 2015 21:00:44 GMT">
  
    <testcase name="Upload a creation then delete it" time="50.20" assertions="31">

    

    

    

    

    

    

    

    

    

    

    

    

    

    

    

    

    

    

    

    

    

    

    

    

    

      <failure message="Failed [deepEqual]: (&#39;Potato&#39; deepEqual &#39;Drew\&#39;s Cute Dog&#39;)">Failed [deepEqual]: (&#39;Potato&#39; deepEqual &#39;Drew\&#39;s Cute Dog&#39;): Expected &quot;Drew&#39;s Cute Dog&quot; but got: &quot;Potato&quot;
    at Object.deepEqual (C:\Users\Muhammad\desktop\nightwatch-testing\my_tests\nightwatch\lib\core\api.js:66:24)
    at Object.&lt;anonymous&gt; (C:\Users\Muhammad\desktop\nightwatch-testing\my_tests\nightwatch\my_tests\tests\upload_delete_test.js:41:23)
    at Object.&lt;anonymous&gt; (C:\Users\Muhammad\desktop\nightwatch-testing\my_tests\nightwatch\my_tests\custom\getInfo.js:51:30)
    at HttpRequest.&lt;anonymous&gt; (C:\Users\Muhammad\desktop\nightwatch-testing\my_tests\nightwatch\lib\index.js:299:20)
    at HttpRequest.emit (events.js:110:17)
    at HttpRequest.&lt;anonymous&gt; (C:\Users\Muhammad\desktop\nightwatch-testing\my_tests\nightwatch\lib\index.js:322:15)
    at HttpRequest.emit (events.js:118:17)
    at IncomingMessage.&lt;anonymous&gt; (C:\Users\Muhammad\desktop\nightwatch-testing\my_tests\nightwatch\lib\http\request.js:148:16)
    at IncomingMessage.emit (events.js:129:20)
    at _stream_readable.js:908:16</failure>

      <failure message="Failed [deepEqual]: (&#39;Tomato&#39; deepEqual &#39;Moo, get out the way.&#39;)">Failed [deepEqual]: (&#39;Tomato&#39; deepEqual &#39;Moo, get out the way.&#39;): Expected &quot;Moo, get out the way.&quot; but got: &quot;Tomato&quot;
    at Object.deepEqual (C:\Users\Muhammad\desktop\nightwatch-testing\my_tests\nightwatch\lib\core\api.js:66:24)
    at Object.&lt;anonymous&gt; (C:\Users\Muhammad\desktop\nightwatch-testing\my_tests\nightwatch\my_tests\tests\upload_delete_test.js:41:23)
    at Object.&lt;anonymous&gt; (C:\Users\Muhammad\desktop\nightwatch-testing\my_tests\nightwatch\my_tests\custom\getInfo.js:51:30)
    at HttpRequest.&lt;anonymous&gt; (C:\Users\Muhammad\desktop\nightwatch-testing\my_tests\nightwatch\lib\index.js:299:20)
    at HttpRequest.emit (events.js:110:17)
    at HttpRequest.&lt;anonymous&gt; (C:\Users\Muhammad\desktop\nightwatch-testing\my_tests\nightwatch\lib\index.js:322:15)
    at HttpRequest.emit (events.js:118:17)
    at IncomingMessage.&lt;anonymous&gt; (C:\Users\Muhammad\desktop\nightwatch-testing\my_tests\nightwatch\lib\http\request.js:148:16)
    at IncomingMessage.emit (events.js:129:20)
    at _stream_readable.js:908:16</failure>

      <failure message="Failed [deepEqual]: ([ &#39;wasd&#39;, &#39;potato&#39;, &#39;ham&#39; ] deepEqual [ &#39;tuna&#39;, &#39;cat food&#39;, &#39;birds&#39;, &#39;fabulous&#39; ])">Failed [deepEqual]: ([ &#39;wasd&#39;, &#39;potato&#39;, &#39;ham&#39; ] deepEqual [ &#39;tuna&#39;, &#39;cat food&#39;, &#39;birds&#39;, &#39;fabulous&#39; ]): Expected &quot;tuna,cat food,birds,fabulous&quot; but got: &quot;wasd,potato,ham&quot;
    at Object.deepEqual (C:\Users\Muhammad\desktop\nightwatch-testing\my_tests\nightwatch\lib\core\api.js:66:24)
    at Object.&lt;anonymous&gt; (C:\Users\Muhammad\desktop\nightwatch-testing\my_tests\nightwatch\my_tests\tests\upload_delete_test.js:41:23)
    at Object.&lt;anonymous&gt; (C:\Users\Muhammad\desktop\nightwatch-testing\my_tests\nightwatch\my_tests\custom\getInfo.js:51:30)
    at HttpRequest.&lt;anonymous&gt; (C:\Users\Muhammad\desktop\nightwatch-testing\my_tests\nightwatch\lib\index.js:299:20)
    at HttpRequest.emit (events.js:110:17)
    at HttpRequest.&lt;anonymous&gt; (C:\Users\Muhammad\desktop\nightwatch-testing\my_tests\nightwatch\lib\index.js:322:15)
    at HttpRequest.emit (events.js:118:17)
    at IncomingMessage.&lt;anonymous&gt; (C:\Users\Muhammad\desktop\nightwatch-testing\my_tests\nightwatch\lib\http\request.js:148:16)
    at IncomingMessage.emit (events.js:129:20)
    at _stream_readable.js:908:16</failure>

    

      <failure message="Failed [deepEqual]: (&#39;Creative Commons Attribution&#39; deepEqual &#39;Creative Commons Attribution-ShareAlike&#39;)">Failed [deepEqual]: (&#39;Creative Commons Attribution&#39; deepEqual &#39;Creative Commons Attribution-ShareAlike&#39;): Expected &quot;Creative Commons Attribution-ShareAlike&quot; but got: &quot;Creative Commons Attribution&quot;
    at Object.deepEqual (C:\Users\Muhammad\desktop\nightwatch-testing\my_tests\nightwatch\lib\core\api.js:66:24)
    at Object.&lt;anonymous&gt; (C:\Users\Muhammad\desktop\nightwatch-testing\my_tests\nightwatch\my_tests\tests\upload_delete_test.js:43:22)
    at Object.&lt;anonymous&gt; (C:\Users\Muhammad\desktop\nightwatch-testing\my_tests\nightwatch\my_tests\custom\getInfo.js:51:30)
    at HttpRequest.&lt;anonymous&gt; (C:\Users\Muhammad\desktop\nightwatch-testing\my_tests\nightwatch\lib\index.js:299:20)
    at HttpRequest.emit (events.js:110:17)
    at HttpRequest.&lt;anonymous&gt; (C:\Users\Muhammad\desktop\nightwatch-testing\my_tests\nightwatch\lib\index.js:322:15)
    at HttpRequest.emit (events.js:118:17)
    at IncomingMessage.&lt;anonymous&gt; (C:\Users\Muhammad\desktop\nightwatch-testing\my_tests\nightwatch\lib\http\request.js:148:16)
    at IncomingMessage.emit (events.js:129:20)
    at _stream_readable.js:908:16</failure>

    
    </testcase>
  
  
  </testsuite>
</testsuites>
