<?xml version="1.0" encoding="UTF-8" ?>
<testsuites errors="2"
            failures="2"
            tests="6">

  <testsuite name="model_module"
    errors="2" failures="2" hostname="" id="" package="model_module" skipped="1"
    tests="6" time="12.37" timestamp="Wed, 13 May 2015 22:31:19 GMT">
  
    <testcase name="navigateToUpload" time="2.306" assertions="0">
    </testcase>
      <system-err>
        Unable to locate element: &quot;a[href=&quot;/creations/new&quot;]&quot; using: css selector
Unable to locate element: &quot;input.input-valid&quot; using: css selector
Unable to locate element: &quot;label.info-row:nth-child(2) &gt; textarea:nth-child(2)&quot; using: css selector
Unable to locate element: &quot;.field &gt; input:nth-child(1)&quot; using: css selector
      </system-err>
  
    <testcase name="navigateToMyCreations" time="1.579" assertions="0">
    </testcase>
      <system-err>
        Unable to locate element: &quot;a[href=&quot;/creations/new&quot;]&quot; using: css selector
Unable to locate element: &quot;input.input-valid&quot; using: css selector
Unable to locate element: &quot;label.info-row:nth-child(2) &gt; textarea:nth-child(2)&quot; using: css selector
Unable to locate element: &quot;.field &gt; input:nth-child(1)&quot; using: css selector
      </system-err>
  
    <testcase name="fillCreationFields" time="5.569" assertions="7">  <failure message="Testing if element &lt;input.input-valid&gt; is present.">Testing if element &lt;input.input-valid&gt; is present.: Expected &quot;present&quot; but got: &quot;null&quot;
    at Object.&lt;anonymous&gt; (C:\Users\Michael\Desktop\nightwatch-testing\nightwatch\lib\core\assertion.js:105:19)
    at HttpRequest.&lt;anonymous&gt; (C:\Users\Michael\Desktop\nightwatch-testing\nightwatch\lib\index.js:299:20)
    at HttpRequest.emit (events.js:110:17)
    at HttpRequest.&lt;anonymous&gt; (C:\Users\Michael\Desktop\nightwatch-testing\nightwatch\lib\index.js:346:15)
    at HttpRequest.emit (events.js:118:17)
    at IncomingMessage.&lt;anonymous&gt; (C:\Users\Michael\Desktop\nightwatch-testing\nightwatch\lib\http\request.js:150:16)
    at IncomingMessage.emit (events.js:129:20)
    at _stream_readable.js:908:16
    at process._tickCallback (node.js:355:11)</failure>

      <failure message="Testing if element &lt;label.info-row:nth-child(2) &gt; textarea:nth-child(2)&gt; is present.">Testing if element &lt;label.info-row:nth-child(2) &gt; textarea:nth-child(2)&gt; is present.: Expected &quot;present&quot; but got: &quot;null&quot;
    at Object.&lt;anonymous&gt; (C:\Users\Michael\Desktop\nightwatch-testing\nightwatch\lib\core\assertion.js:105:19)
    at HttpRequest.&lt;anonymous&gt; (C:\Users\Michael\Desktop\nightwatch-testing\nightwatch\lib\index.js:299:20)
    at HttpRequest.emit (events.js:110:17)
    at HttpRequest.&lt;anonymous&gt; (C:\Users\Michael\Desktop\nightwatch-testing\nightwatch\lib\index.js:346:15)
    at HttpRequest.emit (events.js:118:17)
    at IncomingMessage.&lt;anonymous&gt; (C:\Users\Michael\Desktop\nightwatch-testing\nightwatch\lib\http\request.js:150:16)
    at IncomingMessage.emit (events.js:129:20)
    at _stream_readable.js:908:16
    at process._tickCallback (node.js:355:11)</failure>

      <failure message="Testing if element &lt;.field &gt; input:nth-child(1)&gt; is present.">Testing if element &lt;.field &gt; input:nth-child(1)&gt; is present.: Expected &quot;present&quot; but got: &quot;null&quot;
    at Object.&lt;anonymous&gt; (C:\Users\Michael\Desktop\nightwatch-testing\nightwatch\lib\core\assertion.js:105:19)
    at HttpRequest.&lt;anonymous&gt; (C:\Users\Michael\Desktop\nightwatch-testing\nightwatch\lib\index.js:299:20)
    at HttpRequest.emit (events.js:110:17)
    at HttpRequest.&lt;anonymous&gt; (C:\Users\Michael\Desktop\nightwatch-testing\nightwatch\lib\index.js:346:15)
    at HttpRequest.emit (events.js:118:17)
    at IncomingMessage.&lt;anonymous&gt; (C:\Users\Michael\Desktop\nightwatch-testing\nightwatch\lib\http\request.js:150:16)
    at IncomingMessage.emit (events.js:129:20)
    at _stream_readable.js:908:16
    at process._tickCallback (node.js:355:11)</failure>

      <failure message="Testing if element &lt;.field &gt; input:nth-child(1)&gt; is present.">Testing if element &lt;.field &gt; input:nth-child(1)&gt; is present.: Expected &quot;present&quot; but got: &quot;null&quot;
    at Object.&lt;anonymous&gt; (C:\Users\Michael\Desktop\nightwatch-testing\nightwatch\lib\core\assertion.js:105:19)
    at HttpRequest.&lt;anonymous&gt; (C:\Users\Michael\Desktop\nightwatch-testing\nightwatch\lib\index.js:299:20)
    at HttpRequest.emit (events.js:110:17)
    at HttpRequest.&lt;anonymous&gt; (C:\Users\Michael\Desktop\nightwatch-testing\nightwatch\lib\index.js:346:15)
    at HttpRequest.emit (events.js:118:17)
    at IncomingMessage.&lt;anonymous&gt; (C:\Users\Michael\Desktop\nightwatch-testing\nightwatch\lib\http\request.js:150:16)
    at IncomingMessage.emit (events.js:129:20)
    at _stream_readable.js:908:16
    at process._tickCallback (node.js:355:11)</failure>

      <failure message="Testing if element &lt;div.info-row:nth-child(4) &gt; div:nth-child(2) &gt; label:nth-child(2) &gt; input:nth-child(1)&gt; is present.">Testing if element &lt;div.info-row:nth-child(4) &gt; div:nth-child(2) &gt; label:nth-child(2) &gt; input:nth-child(1)&gt; is present.: Expected &quot;present&quot; but got: &quot;null&quot;
    at Object.&lt;anonymous&gt; (C:\Users\Michael\Desktop\nightwatch-testing\nightwatch\lib\core\assertion.js:105:19)
    at HttpRequest.&lt;anonymous&gt; (C:\Users\Michael\Desktop\nightwatch-testing\nightwatch\lib\index.js:299:20)
    at HttpRequest.emit (events.js:110:17)
    at HttpRequest.&lt;anonymous&gt; (C:\Users\Michael\Desktop\nightwatch-testing\nightwatch\lib\index.js:346:15)
    at HttpRequest.emit (events.js:118:17)
    at IncomingMessage.&lt;anonymous&gt; (C:\Users\Michael\Desktop\nightwatch-testing\nightwatch\lib\http\request.js:150:16)
    at IncomingMessage.emit (events.js:129:20)
    at _stream_readable.js:908:16
    at process._tickCallback (node.js:355:11)</failure>

      <failure message="Testing if element &lt;label.info-row:nth-child(5) &gt; select:nth-child(2)&gt; is present.">Testing if element &lt;label.info-row:nth-child(5) &gt; select:nth-child(2)&gt; is present.: Expected &quot;present&quot; but got: &quot;null&quot;
    at Object.&lt;anonymous&gt; (C:\Users\Michael\Desktop\nightwatch-testing\nightwatch\lib\core\assertion.js:105:19)
    at HttpRequest.&lt;anonymous&gt; (C:\Users\Michael\Desktop\nightwatch-testing\nightwatch\lib\index.js:299:20)
    at HttpRequest.emit (events.js:110:17)
    at HttpRequest.&lt;anonymous&gt; (C:\Users\Michael\Desktop\nightwatch-testing\nightwatch\lib\index.js:346:15)
    at HttpRequest.emit (events.js:118:17)
    at IncomingMessage.&lt;anonymous&gt; (C:\Users\Michael\Desktop\nightwatch-testing\nightwatch\lib\http\request.js:150:16)
    at IncomingMessage.emit (events.js:129:20)
    at _stream_readable.js:908:16
    at process._tickCallback (node.js:355:11)</failure>

    

    
    </testcase>
      <system-err>
        Unable to locate element: &quot;a[href=&quot;/creations/new&quot;]&quot; using: css selector
Unable to locate element: &quot;input.input-valid&quot; using: css selector
Unable to locate element: &quot;label.info-row:nth-child(2) &gt; textarea:nth-child(2)&quot; using: css selector
Unable to locate element: &quot;.field &gt; input:nth-child(1)&quot; using: css selector
      </system-err>
  
    <testcase name="uploadFile" time="0.5880" assertions="1">

    
    </testcase>
      <system-err>
        Unable to locate element: &quot;a[href=&quot;/creations/new&quot;]&quot; using: css selector
Unable to locate element: &quot;input.input-valid&quot; using: css selector
Unable to locate element: &quot;label.info-row:nth-child(2) &gt; textarea:nth-child(2)&quot; using: css selector
Unable to locate element: &quot;.field &gt; input:nth-child(1)&quot; using: css selector
      </system-err>
  
    <testcase name="deleteFirstCreation" time="2.328" assertions="1">  <failure message="Timed out while waiting for element &lt;article.creation:nth-child(1)&gt; to be present for 1000 milliseconds.">Timed out while waiting for element &lt;article.creation:nth-child(1)&gt; to be present for 1000 milliseconds.: Expected &quot;visible&quot; but got: &quot;not found&quot;
    at F.WaitForElement.fail (C:\Users\Michael\Desktop\nightwatch-testing\nightwatch\lib\api\commands\_waitForElement.js:194:15)
    at F.WaitForElementPresent.elementNotFound (C:\Users\Michael\Desktop\nightwatch-testing\nightwatch\lib\api\commands\waitForElementPresent.js:57:15)
    at Object.&lt;anonymous&gt; (C:\Users\Michael\Desktop\nightwatch-testing\nightwatch\lib\api\commands\_waitForElement.js:221:17)
    at HttpRequest.&lt;anonymous&gt; (C:\Users\Michael\Desktop\nightwatch-testing\nightwatch\lib\index.js:299:20)
    at HttpRequest.emit (events.js:110:17)
    at HttpRequest.&lt;anonymous&gt; (C:\Users\Michael\Desktop\nightwatch-testing\nightwatch\lib\index.js:322:15)
    at HttpRequest.emit (events.js:118:17)
    at IncomingMessage.&lt;anonymous&gt; (C:\Users\Michael\Desktop\nightwatch-testing\nightwatch\lib\http\request.js:148:16)
    at IncomingMessage.emit (events.js:129:20)
    at _stream_readable.js:908:16</failure>

    
    </testcase>
      <system-err>
        Unable to locate element: &quot;a[href=&quot;/creations/new&quot;]&quot; using: css selector
Unable to locate element: &quot;input.input-valid&quot; using: css selector
Unable to locate element: &quot;label.info-row:nth-child(2) &gt; textarea:nth-child(2)&quot; using: css selector
Unable to locate element: &quot;.field &gt; input:nth-child(1)&quot; using: css selector
      </system-err>
  
  
    
    <testcase
      name="confirmUpload">
      <skipped />
    </testcase>
    
  
  </testsuite>
</testsuites>
