<?xml version="1.0" encoding="UTF-8" ?>
<testsuites errors="1"
            failures="1"
            tests="1">

  <testsuite name="createModel_test"
    errors="1" failures="1" hostname="" id="" package="createModel_test" skipped="0"
    tests="1" time="29.37" timestamp="Wed, 13 May 2015 04:02:21 GMT">
  
    <testcase name="Create Model test" time="29.37" assertions="22">

    

    

    

    

    

    

    

    

    

    

    

    

      <failure message="Testing if element &lt;input.input-valid&gt; is present.">Testing if element &lt;input.input-valid&gt; is present.: Expected &quot;present&quot; but got: &quot;null&quot;
    at Object.&lt;anonymous&gt; (C:\Users\Michael\Desktop\nightwatch-testing\nightwatch\lib\core\assertion.js:105:19)
    at HttpRequest.&lt;anonymous&gt; (C:\Users\Michael\Desktop\nightwatch-testing\nightwatch\lib\index.js:299:20)
    at HttpRequest.emit (events.js:110:17)
    at HttpRequest.&lt;anonymous&gt; (C:\Users\Michael\Desktop\nightwatch-testing\nightwatch\lib\index.js:346:15)
    at HttpRequest.emit (events.js:118:17)
    at IncomingMessage.&lt;anonymous&gt; (C:\Users\Michael\Desktop\nightwatch-testing\nightwatch\lib\http\request.js:150:16)
    at IncomingMessage.emit (events.js:129:20)
    at _stream_readable.js:908:16
    at process._tickCallback (node.js:355:11)</failure>

      <failure message="Testing if element &lt;label.info-row:nth-child(2) &gt; textarea:nth-child(2)&gt; is present.">Testing if element &lt;label.info-row:nth-child(2) &gt; textarea:nth-child(2)&gt; is present.: Expected &quot;present&quot; but got: &quot;null&quot;
    at Object.&lt;anonymous&gt; (C:\Users\Michael\Desktop\nightwatch-testing\nightwatch\lib\core\assertion.js:105:19)
    at HttpRequest.&lt;anonymous&gt; (C:\Users\Michael\Desktop\nightwatch-testing\nightwatch\lib\index.js:299:20)
    at HttpRequest.emit (events.js:110:17)
    at HttpRequest.&lt;anonymous&gt; (C:\Users\Michael\Desktop\nightwatch-testing\nightwatch\lib\index.js:346:15)
    at HttpRequest.emit (events.js:118:17)
    at IncomingMessage.&lt;anonymous&gt; (C:\Users\Michael\Desktop\nightwatch-testing\nightwatch\lib\http\request.js:150:16)
    at IncomingMessage.emit (events.js:129:20)
    at _stream_readable.js:908:16
    at process._tickCallback (node.js:355:11)</failure>

      <failure message="Testing if element &lt;.field &gt; input:nth-child(1)&gt; is present.">Testing if element &lt;.field &gt; input:nth-child(1)&gt; is present.: Expected &quot;present&quot; but got: &quot;null&quot;
    at Object.&lt;anonymous&gt; (C:\Users\Michael\Desktop\nightwatch-testing\nightwatch\lib\core\assertion.js:105:19)
    at HttpRequest.&lt;anonymous&gt; (C:\Users\Michael\Desktop\nightwatch-testing\nightwatch\lib\index.js:299:20)
    at HttpRequest.emit (events.js:110:17)
    at HttpRequest.&lt;anonymous&gt; (C:\Users\Michael\Desktop\nightwatch-testing\nightwatch\lib\index.js:346:15)
    at HttpRequest.emit (events.js:118:17)
    at IncomingMessage.&lt;anonymous&gt; (C:\Users\Michael\Desktop\nightwatch-testing\nightwatch\lib\http\request.js:150:16)
    at IncomingMessage.emit (events.js:129:20)
    at _stream_readable.js:908:16
    at process._tickCallback (node.js:355:11)</failure>

      <failure message="Testing if element &lt;.field &gt; input:nth-child(1)&gt; is present.">Testing if element &lt;.field &gt; input:nth-child(1)&gt; is present.: Expected &quot;present&quot; but got: &quot;null&quot;
    at Object.&lt;anonymous&gt; (C:\Users\Michael\Desktop\nightwatch-testing\nightwatch\lib\core\assertion.js:105:19)
    at HttpRequest.&lt;anonymous&gt; (C:\Users\Michael\Desktop\nightwatch-testing\nightwatch\lib\index.js:299:20)
    at HttpRequest.emit (events.js:110:17)
    at HttpRequest.&lt;anonymous&gt; (C:\Users\Michael\Desktop\nightwatch-testing\nightwatch\lib\index.js:346:15)
    at HttpRequest.emit (events.js:118:17)
    at IncomingMessage.&lt;anonymous&gt; (C:\Users\Michael\Desktop\nightwatch-testing\nightwatch\lib\http\request.js:150:16)
    at IncomingMessage.emit (events.js:129:20)
    at _stream_readable.js:908:16
    at process._tickCallback (node.js:355:11)</failure>

      <failure message="Testing if element &lt;div.info-row:nth-child(4) &gt; div:nth-child(2) &gt; label:nth-child(2) &gt; input:nth-child(1)&gt; is present.">Testing if element &lt;div.info-row:nth-child(4) &gt; div:nth-child(2) &gt; label:nth-child(2) &gt; input:nth-child(1)&gt; is present.: Expected &quot;present&quot; but got: &quot;null&quot;
    at Object.&lt;anonymous&gt; (C:\Users\Michael\Desktop\nightwatch-testing\nightwatch\lib\core\assertion.js:105:19)
    at HttpRequest.&lt;anonymous&gt; (C:\Users\Michael\Desktop\nightwatch-testing\nightwatch\lib\index.js:299:20)
    at HttpRequest.emit (events.js:110:17)
    at HttpRequest.&lt;anonymous&gt; (C:\Users\Michael\Desktop\nightwatch-testing\nightwatch\lib\index.js:346:15)
    at HttpRequest.emit (events.js:118:17)
    at IncomingMessage.&lt;anonymous&gt; (C:\Users\Michael\Desktop\nightwatch-testing\nightwatch\lib\http\request.js:150:16)
    at IncomingMessage.emit (events.js:129:20)
    at _stream_readable.js:908:16
    at process._tickCallback (node.js:355:11)</failure>

      <failure message="Testing if element &lt;label.info-row:nth-child(5) &gt; select:nth-child(2)&gt; is present.">Testing if element &lt;label.info-row:nth-child(5) &gt; select:nth-child(2)&gt; is present.: Expected &quot;present&quot; but got: &quot;null&quot;
    at Object.&lt;anonymous&gt; (C:\Users\Michael\Desktop\nightwatch-testing\nightwatch\lib\core\assertion.js:105:19)
    at HttpRequest.&lt;anonymous&gt; (C:\Users\Michael\Desktop\nightwatch-testing\nightwatch\lib\index.js:299:20)
    at HttpRequest.emit (events.js:110:17)
    at HttpRequest.&lt;anonymous&gt; (C:\Users\Michael\Desktop\nightwatch-testing\nightwatch\lib\index.js:346:15)
    at HttpRequest.emit (events.js:118:17)
    at IncomingMessage.&lt;anonymous&gt; (C:\Users\Michael\Desktop\nightwatch-testing\nightwatch\lib\http\request.js:150:16)
    at IncomingMessage.emit (events.js:129:20)
    at _stream_readable.js:908:16
    at process._tickCallback (node.js:355:11)</failure>

      <failure message="Testing if element &lt;.primary&gt; is present.">Testing if element &lt;.primary&gt; is present.: Expected &quot;present&quot; but got: &quot;null&quot;
    at Object.&lt;anonymous&gt; (C:\Users\Michael\Desktop\nightwatch-testing\nightwatch\lib\core\assertion.js:105:19)
    at HttpRequest.&lt;anonymous&gt; (C:\Users\Michael\Desktop\nightwatch-testing\nightwatch\lib\index.js:299:20)
    at HttpRequest.emit (events.js:110:17)
    at HttpRequest.&lt;anonymous&gt; (C:\Users\Michael\Desktop\nightwatch-testing\nightwatch\lib\index.js:346:15)
    at HttpRequest.emit (events.js:118:17)
    at IncomingMessage.&lt;anonymous&gt; (C:\Users\Michael\Desktop\nightwatch-testing\nightwatch\lib\http\request.js:150:16)
    at IncomingMessage.emit (events.js:129:20)
    at _stream_readable.js:908:16
    at process._tickCallback (node.js:355:11)</failure>

    

      <failure message="Testing if element &lt;div[data-hook=&quot;action-nice&quot;]&gt; is present.">Testing if element &lt;div[data-hook=&quot;action-nice&quot;]&gt; is present.: Expected &quot;present&quot; but got: &quot;null&quot;
    at Object.&lt;anonymous&gt; (C:\Users\Michael\Desktop\nightwatch-testing\nightwatch\lib\core\assertion.js:105:19)
    at HttpRequest.&lt;anonymous&gt; (C:\Users\Michael\Desktop\nightwatch-testing\nightwatch\lib\index.js:299:20)
    at HttpRequest.emit (events.js:110:17)
    at HttpRequest.&lt;anonymous&gt; (C:\Users\Michael\Desktop\nightwatch-testing\nightwatch\lib\index.js:346:15)
    at HttpRequest.emit (events.js:118:17)
    at IncomingMessage.&lt;anonymous&gt; (C:\Users\Michael\Desktop\nightwatch-testing\nightwatch\lib\http\request.js:150:16)
    at IncomingMessage.emit (events.js:129:20)
    at _stream_readable.js:908:16
    at process._tickCallback (node.js:355:11)</failure>

    
    </testcase>
      <system-err>
        Unable to locate element: &quot;.primary&quot; using: css selector
Unable to locate element: &quot;input.input-valid&quot; using: css selector
Unable to locate element: &quot;label.info-row:nth-child(2) &gt; textarea:nth-child(2)&quot; using: css selector
Unable to locate element: &quot;.field &gt; input:nth-child(1)&quot; using: css selector
Unable to locate element: &quot;.primary&quot; using: css selector
      </system-err>
  
  
  </testsuite>
</testsuites>
